0 info it worked if it ends with ok
1 verbose cli [ '/Users/elliot/.nvm/versions/node/v6.2.1/bin/node',
1 verbose cli   '/Users/elliot/.nvm/versions/node/v6.2.1/bin/npm',
1 verbose cli   'start' ]
2 info using npm@3.9.3
3 info using node@v6.2.1
4 verbose run-script [ 'prestart', 'start', 'poststart' ]
5 info lifecycle burger-menu@1.0.0~prestart: burger-menu@1.0.0
6 silly lifecycle burger-menu@1.0.0~prestart: no script for prestart, continuing
7 info lifecycle burger-menu@1.0.0~start: burger-menu@1.0.0
8 verbose lifecycle burger-menu@1.0.0~start: unsafe-perm in lifecycle true
9 verbose lifecycle burger-menu@1.0.0~start: PATH: /Users/elliot/.nvm/versions/node/v6.2.1/lib/node_modules/npm/bin/node-gyp-bin:/Users/elliot/Documents/burger-menu/node_modules/.bin:/Users/elliot/.nvm/versions/node/v6.2.1/bin:/Users/elliot/.nvm/versions/node/v6.2.1/bin:/usr/local/bin:/usr/bin:/bin:/usr/sbin:/sbin:/usr/local/go/bin
10 verbose lifecycle burger-menu@1.0.0~start: CWD: /Users/elliot/Documents/burger-menu
11 silly lifecycle burger-menu@1.0.0~start: Args: [ '-c', 'tsc && concurrently "tsc -w" "lite-server" ' ]
12 silly lifecycle burger-menu@1.0.0~start: Returned: code: 2  signal: null
13 info lifecycle burger-menu@1.0.0~start: Failed to exec start script
14 verbose stack Error: burger-menu@1.0.0 start: `tsc && concurrently "tsc -w" "lite-server" `
14 verbose stack Exit status 2
14 verbose stack     at EventEmitter.<anonymous> (/Users/elliot/.nvm/versions/node/v6.2.1/lib/node_modules/npm/lib/utils/lifecycle.js:245:16)
14 verbose stack     at emitTwo (events.js:106:13)
14 verbose stack     at EventEmitter.emit (events.js:191:7)
14 verbose stack     at ChildProcess.<anonymous> (/Users/elliot/.nvm/versions/node/v6.2.1/lib/node_modules/npm/lib/utils/spawn.js:24:14)
14 verbose stack     at emitTwo (events.js:106:13)
14 verbose stack     at ChildProcess.emit (events.js:191:7)
14 verbose stack     at maybeClose (internal/child_process.js:852:16)
14 verbose stack     at Process.ChildProcess._handle.onexit (internal/child_process.js:215:5)
15 verbose pkgid burger-menu@1.0.0
16 verbose cwd /Users/elliot/Documents/burger-menu
17 error Darwin 14.0.0
18 error argv "/Users/elliot/.nvm/versions/node/v6.2.1/bin/node" "/Users/elliot/.nvm/versions/node/v6.2.1/bin/npm" "start"
19 error node v6.2.1
20 error npm  v3.9.3
21 error code ELIFECYCLE
22 error burger-menu@1.0.0 start: `tsc && concurrently "tsc -w" "lite-server" `
22 error Exit status 2
23 error Failed at the burger-menu@1.0.0 start script 'tsc && concurrently "tsc -w" "lite-server" '.
23 error Make sure you have the latest version of node.js and npm installed.
23 error If you do, this is most likely a problem with the burger-menu package,
23 error not with npm itself.
23 error Tell the author that this fails on your system:
23 error     tsc && concurrently "tsc -w" "lite-server"
23 error You can get information on how to open an issue for this project with:
23 error     npm bugs burger-menu
23 error Or if that isn't available, you can get their info via:
23 error     npm owner ls burger-menu
23 error There is likely additional logging output above.
24 verbose exit [ 1, true ]
